[INFO ] 2022-05-09 16:31:47.760 [Test worker] c.s.s.i.DepartmentServiceImpl - In update(entity = [Department(id=1, name=some department, disable=false)]
[INFO ] 2022-05-09 16:31:47.931 [Test worker] c.s.s.i.DepartmentServiceImpl - In save(entity = [Department(id=1, name=some department, disable=false)]
[INFO ] 2022-05-09 16:31:48.178 [Test worker] c.s.s.i.DepartmentServiceImpl - In update(entity = [Department(id=1, name=some department, disable=false)]
[INFO ] 2022-05-09 16:31:48.190 [Test worker] c.s.s.i.DepartmentServiceImpl - In getById(id = [1])
[INFO ] 2022-05-09 16:31:48.197 [Test worker] c.s.s.i.DepartmentServiceImpl - In save(entity = [Department(id=1, name=some department, disable=false)]
[INFO ] 2022-05-09 16:31:48.203 [Test worker] c.s.s.i.DepartmentServiceImpl - Enter into getAllTeachers with department id 3
[INFO ] 2022-05-09 16:31:48.245 [Test worker] c.s.s.i.DepartmentServiceImpl - In delete(entity = [Department(id=1, name=some department, disable=false)])
[INFO ] 2022-05-09 16:31:48.252 [Test worker] c.s.s.i.DepartmentServiceImpl - In getAll()
[INFO ] 2022-05-09 16:31:48.265 [Test worker] c.s.s.i.DepartmentServiceImpl - Enter into getAll of getDisabled
[INFO ] 2022-05-09 16:31:48.268 [Test worker] c.s.s.i.DepartmentServiceImpl - In getById(id = [2])
[WARN ] 2022-05-09 16:32:25.047 [Test worker] c.s.u.Translator - There is no translation of the word = word
[WARN ] 2022-05-09 16:32:25.061 [Test worker] c.s.u.Translator - There is no translation of the word = java
[INFO ] 2022-05-09 17:26:42.836 [Test worker] c.s.c.DepartmentController - In getAllTeachers (id = [4])
[INFO ] 2022-05-09 17:26:42.944 [Test worker] c.s.s.i.DepartmentServiceImpl - Enter into getAllTeachers with department id 4
[INFO ] 2022-05-09 17:26:42.944 [Test worker] c.s.r.i.DepartmentRepositoryImpl - In getAllTeachers (departmentId = [4])
[INFO ] 2022-05-09 17:26:43.704 [Test worker] c.s.c.DepartmentController - In getDisabled ()
[INFO ] 2022-05-09 17:26:43.704 [Test worker] c.s.s.i.DepartmentServiceImpl - Enter into getAll of getDisabled
[INFO ] 2022-05-09 17:26:43.704 [Test worker] c.s.r.i.BasicRepositoryImpl - In getDisabled
[INFO ] 2022-05-09 17:26:44.181 [Test worker] c.s.c.DepartmentController - In save (departmentDTO = [com.softserve.dto.DepartmentDTO@57540])
[INFO ] 2022-05-09 17:26:44.183 [Test worker] c.s.s.i.DepartmentServiceImpl - In save(entity = [Department(id=null, name=null, disable=false)]
[INFO ] 2022-05-09 17:26:44.188 [Test worker] c.s.r.i.DepartmentRepositoryImpl - In isExistsByName(name = [null])
[INFO ] 2022-05-09 17:26:44.188 [Test worker] c.s.r.i.BasicRepositoryImpl - In save(entity = [Department(id=null, name=null, disable=false)]
[ERROR] 2022-05-09 17:26:44.226 [Test worker] c.s.e.h.GlobalExceptionHandler - Validation failed for classes [com.softserve.entity.Department] during persist time for groups [javax.validation.groups.Default, ]
List of constraint violations:[
	ConstraintViolationImpl{interpolatedMessage='Name cannot be blank', propertyPath=name, rootBeanClass=class com.softserve.entity.Department, messageTemplate='Name cannot be blank'}
]
[INFO ] 2022-05-09 17:26:44.603 [Test worker] c.s.c.DepartmentController - In save (departmentDTO = [com.softserve.dto.DepartmentDTO@56b57])
[INFO ] 2022-05-09 17:26:44.604 [Test worker] c.s.s.i.DepartmentServiceImpl - In save(entity = [Department(id=null, name=, disable=false)]
[INFO ] 2022-05-09 17:26:44.604 [Test worker] c.s.r.i.DepartmentRepositoryImpl - In isExistsByName(name = [])
[INFO ] 2022-05-09 17:26:44.670 [Test worker] c.s.r.i.BasicRepositoryImpl - In save(entity = [Department(id=null, name=, disable=false)]
[ERROR] 2022-05-09 17:26:44.728 [Test worker] c.s.e.h.GlobalExceptionHandler - Validation failed for classes [com.softserve.entity.Department] during persist time for groups [javax.validation.groups.Default, ]
List of constraint violations:[
	ConstraintViolationImpl{interpolatedMessage='Name cannot be blank', propertyPath=name, rootBeanClass=class com.softserve.entity.Department, messageTemplate='Name cannot be blank'}
]
[INFO ] 2022-05-09 17:26:45.005 [Test worker] c.s.c.DepartmentController - In save (departmentDTO = [com.softserve.dto.DepartmentDTO@65757])
[INFO ] 2022-05-09 17:26:45.006 [Test worker] c.s.s.i.DepartmentServiceImpl - In save(entity = [Department(id=null, name=  , disable=false)]
[INFO ] 2022-05-09 17:26:45.006 [Test worker] c.s.r.i.DepartmentRepositoryImpl - In isExistsByName(name = [  ])
[INFO ] 2022-05-09 17:26:45.062 [Test worker] c.s.r.i.BasicRepositoryImpl - In save(entity = [Department(id=null, name=  , disable=false)]
[ERROR] 2022-05-09 17:26:45.126 [Test worker] c.s.e.h.GlobalExceptionHandler - Validation failed for classes [com.softserve.entity.Department] during persist time for groups [javax.validation.groups.Default, ]
List of constraint violations:[
	ConstraintViolationImpl{interpolatedMessage='Name cannot be blank', propertyPath=name, rootBeanClass=class com.softserve.entity.Department, messageTemplate='Name cannot be blank'}
]
[INFO ] 2022-05-09 17:26:45.413 [Test worker] c.s.c.DepartmentController - In getAll ()
[INFO ] 2022-05-09 17:26:45.414 [Test worker] c.s.s.i.DepartmentServiceImpl - In getAll()
[INFO ] 2022-05-09 17:26:45.414 [Test worker] c.s.r.i.DepartmentRepositoryImpl - In getAll()
[INFO ] 2022-05-09 17:26:45.819 [Test worker] c.s.c.DepartmentController - In getById (id = [20])
[INFO ] 2022-05-09 17:26:45.820 [Test worker] c.s.s.i.DepartmentServiceImpl - In getById(id = [20])
[INFO ] 2022-05-09 17:26:45.820 [Test worker] c.s.r.i.BasicRepositoryImpl - In findById(id = [20])
[ERROR] 2022-05-09 17:26:45.945 [Test worker] c.s.e.h.GlobalExceptionHandler - Department was not found for parameters {id=20}
[INFO ] 2022-05-09 17:26:46.338 [Test worker] c.s.c.DepartmentController - In save (departmentDTO = [com.softserve.dto.DepartmentDTO@cba1c9a1])
[INFO ] 2022-05-09 17:26:46.339 [Test worker] c.s.s.i.DepartmentServiceImpl - In save(entity = [Department(id=null, name=save new departments, disable=false)]
[INFO ] 2022-05-09 17:26:46.339 [Test worker] c.s.r.i.DepartmentRepositoryImpl - In isExistsByName(name = [save new departments])
[INFO ] 2022-05-09 17:26:46.396 [Test worker] c.s.r.i.BasicRepositoryImpl - In save(entity = [Department(id=null, name=save new departments, disable=false)]
[INFO ] 2022-05-09 17:26:46.784 [Test worker] c.s.c.DepartmentController - In update (departmentDTO = [com.softserve.dto.DepartmentDTO@1bc40e7e])
[INFO ] 2022-05-09 17:26:46.785 [Test worker] c.s.s.i.DepartmentServiceImpl - In update(entity = [Department(id=4, name=Department4, disable=false)]
[INFO ] 2022-05-09 17:26:46.786 [Test worker] c.s.r.i.DepartmentRepositoryImpl - In isExistsByTitleIgnoringId(id = [4], name = [Department4])
[INFO ] 2022-05-09 17:26:46.845 [Test worker] c.s.r.i.BasicRepositoryImpl - In update(entity = [Department(id=4, name=Department4, disable=false)]
[INFO ] 2022-05-09 17:26:47.232 [Test worker] c.s.c.DepartmentController - In getById (id = [4])
[INFO ] 2022-05-09 17:26:47.233 [Test worker] c.s.s.i.DepartmentServiceImpl - In getById(id = [4])
[INFO ] 2022-05-09 17:26:47.233 [Test worker] c.s.r.i.BasicRepositoryImpl - In findById(id = [4])
[INFO ] 2022-05-09 17:26:47.608 [Test worker] c.s.c.DepartmentController - In save (departmentDTO = [com.softserve.dto.DepartmentDTO@1bc620cd])
[INFO ] 2022-05-09 17:26:47.609 [Test worker] c.s.s.i.DepartmentServiceImpl - In save(entity = [Department(id=null, name=Department4, disable=false)]
[INFO ] 2022-05-09 17:26:47.609 [Test worker] c.s.r.i.DepartmentRepositoryImpl - In isExistsByName(name = [Department4])
[ERROR] 2022-05-09 17:26:47.731 [Test worker] c.s.e.h.GlobalExceptionHandler - Department with parameter {name=Department4} already exists
[INFO ] 2022-05-09 17:26:48.255 [Test worker] c.s.c.DepartmentController - In deleteById (id =[4]
[INFO ] 2022-05-09 17:26:48.256 [Test worker] c.s.s.i.DepartmentServiceImpl - In getById(id = [4])
[INFO ] 2022-05-09 17:26:48.256 [Test worker] c.s.r.i.BasicRepositoryImpl - In findById(id = [4])
[INFO ] 2022-05-09 17:26:48.372 [Test worker] c.s.s.i.DepartmentServiceImpl - In delete(entity = [Department(id=4, name=Department4, disable=false)])
[INFO ] 2022-05-09 17:26:48.373 [Test worker] c.s.r.i.BasicRepositoryImpl - In delete(entity = [Department(id=4, name=Department4, disable=false)])
[ERROR] 2022-05-09 17:26:48.551 [Test worker] c.s.e.h.GlobalExceptionHandler - Unable to delete department
[INFO ] 2022-05-09 17:26:48.812 [Test worker] c.s.c.DepartmentController - In deleteById (id =[5]
[INFO ] 2022-05-09 17:26:48.813 [Test worker] c.s.s.i.DepartmentServiceImpl - In getById(id = [5])
[INFO ] 2022-05-09 17:26:48.813 [Test worker] c.s.r.i.BasicRepositoryImpl - In findById(id = [5])
[INFO ] 2022-05-09 17:26:48.925 [Test worker] c.s.s.i.DepartmentServiceImpl - In delete(entity = [Department(id=5, name=Department5, disable=true)])
[INFO ] 2022-05-09 17:26:48.925 [Test worker] c.s.r.i.BasicRepositoryImpl - In delete(entity = [Department(id=5, name=Department5, disable=true)])
[INFO ] 2022-05-09 17:26:49.367 [Test worker] c.s.c.DepartmentController - In update (departmentDTO = [com.softserve.dto.DepartmentDTO@1bc40eb9])
[INFO ] 2022-05-09 17:26:49.368 [Test worker] c.s.s.i.DepartmentServiceImpl - In update(entity = [Department(id=4, name=Department5, disable=false)]
[INFO ] 2022-05-09 17:26:49.368 [Test worker] c.s.r.i.DepartmentRepositoryImpl - In isExistsByTitleIgnoringId(id = [4], name = [Department5])
[ERROR] 2022-05-09 17:26:49.481 [Test worker] c.s.e.h.GlobalExceptionHandler - Department with parameter {name=Department5} already exists
[INFO ] 2022-05-09 17:29:26.398 [Test worker] c.s.c.DepartmentController - In getAllTeachers (id = [4])
[INFO ] 2022-05-09 17:29:26.401 [Test worker] c.s.s.i.DepartmentServiceImpl - Enter into getAllTeachers with department id 4
[INFO ] 2022-05-09 17:29:26.402 [Test worker] c.s.r.i.DepartmentRepositoryImpl - In getAllTeachers (departmentId = [4])
[INFO ] 2022-05-09 17:29:27.054 [Test worker] c.s.c.DepartmentController - In getDisabled ()
[INFO ] 2022-05-09 17:29:27.055 [Test worker] c.s.s.i.DepartmentServiceImpl - Enter into getAll of getDisabled
[INFO ] 2022-05-09 17:29:27.055 [Test worker] c.s.r.i.BasicRepositoryImpl - In getDisabled
[INFO ] 2022-05-09 17:29:27.517 [Test worker] c.s.c.DepartmentController - In save (departmentDTO = [com.softserve.dto.DepartmentDTO@57540])
[INFO ] 2022-05-09 17:29:27.520 [Test worker] c.s.s.i.DepartmentServiceImpl - In save(entity = [Department(id=null, name=null, disable=false)]
[INFO ] 2022-05-09 17:29:27.526 [Test worker] c.s.r.i.DepartmentRepositoryImpl - In isExistsByName(name = [null])
[INFO ] 2022-05-09 17:29:27.526 [Test worker] c.s.r.i.BasicRepositoryImpl - In save(entity = [Department(id=null, name=null, disable=false)]
[ERROR] 2022-05-09 17:29:27.564 [Test worker] c.s.e.h.GlobalExceptionHandler - Validation failed for classes [com.softserve.entity.Department] during persist time for groups [javax.validation.groups.Default, ]
List of constraint violations:[
	ConstraintViolationImpl{interpolatedMessage='Name cannot be blank', propertyPath=name, rootBeanClass=class com.softserve.entity.Department, messageTemplate='Name cannot be blank'}
]
[INFO ] 2022-05-09 17:29:27.937 [Test worker] c.s.c.DepartmentController - In save (departmentDTO = [com.softserve.dto.DepartmentDTO@56b57])
[INFO ] 2022-05-09 17:29:27.937 [Test worker] c.s.s.i.DepartmentServiceImpl - In save(entity = [Department(id=null, name=, disable=false)]
[INFO ] 2022-05-09 17:29:27.938 [Test worker] c.s.r.i.DepartmentRepositoryImpl - In isExistsByName(name = [])
[INFO ] 2022-05-09 17:29:28.004 [Test worker] c.s.r.i.BasicRepositoryImpl - In save(entity = [Department(id=null, name=, disable=false)]
[ERROR] 2022-05-09 17:29:28.062 [Test worker] c.s.e.h.GlobalExceptionHandler - Validation failed for classes [com.softserve.entity.Department] during persist time for groups [javax.validation.groups.Default, ]
List of constraint violations:[
	ConstraintViolationImpl{interpolatedMessage='Name cannot be blank', propertyPath=name, rootBeanClass=class com.softserve.entity.Department, messageTemplate='Name cannot be blank'}
]
[INFO ] 2022-05-09 17:29:28.357 [Test worker] c.s.c.DepartmentController - In save (departmentDTO = [com.softserve.dto.DepartmentDTO@65757])
[INFO ] 2022-05-09 17:29:28.357 [Test worker] c.s.s.i.DepartmentServiceImpl - In save(entity = [Department(id=null, name=  , disable=false)]
[INFO ] 2022-05-09 17:29:28.357 [Test worker] c.s.r.i.DepartmentRepositoryImpl - In isExistsByName(name = [  ])
[INFO ] 2022-05-09 17:29:28.415 [Test worker] c.s.r.i.BasicRepositoryImpl - In save(entity = [Department(id=null, name=  , disable=false)]
[ERROR] 2022-05-09 17:29:28.474 [Test worker] c.s.e.h.GlobalExceptionHandler - Validation failed for classes [com.softserve.entity.Department] during persist time for groups [javax.validation.groups.Default, ]
List of constraint violations:[
	ConstraintViolationImpl{interpolatedMessage='Name cannot be blank', propertyPath=name, rootBeanClass=class com.softserve.entity.Department, messageTemplate='Name cannot be blank'}
]
[INFO ] 2022-05-09 17:29:28.747 [Test worker] c.s.c.DepartmentController - In getAll ()
[INFO ] 2022-05-09 17:29:28.747 [Test worker] c.s.s.i.DepartmentServiceImpl - In getAll()
[INFO ] 2022-05-09 17:29:28.747 [Test worker] c.s.r.i.DepartmentRepositoryImpl - In getAll()
[INFO ] 2022-05-09 17:29:29.129 [Test worker] c.s.c.DepartmentController - In getById (id = [20])
[INFO ] 2022-05-09 17:29:29.130 [Test worker] c.s.s.i.DepartmentServiceImpl - In getById(id = [20])
[INFO ] 2022-05-09 17:29:29.130 [Test worker] c.s.r.i.BasicRepositoryImpl - In findById(id = [20])
[ERROR] 2022-05-09 17:29:29.247 [Test worker] c.s.e.h.GlobalExceptionHandler - Department was not found for parameters {id=20}
[INFO ] 2022-05-09 17:29:29.505 [Test worker] c.s.c.DepartmentController - In save (departmentDTO = [com.softserve.dto.DepartmentDTO@cba1c9a1])
[INFO ] 2022-05-09 17:29:29.506 [Test worker] c.s.s.i.DepartmentServiceImpl - In save(entity = [Department(id=null, name=save new departments, disable=false)]
[INFO ] 2022-05-09 17:29:29.506 [Test worker] c.s.r.i.DepartmentRepositoryImpl - In isExistsByName(name = [save new departments])
[INFO ] 2022-05-09 17:29:29.563 [Test worker] c.s.r.i.BasicRepositoryImpl - In save(entity = [Department(id=null, name=save new departments, disable=false)]
[INFO ] 2022-05-09 17:29:29.950 [Test worker] c.s.c.DepartmentController - In update (departmentDTO = [com.softserve.dto.DepartmentDTO@1bc40e7e])
[INFO ] 2022-05-09 17:29:29.951 [Test worker] c.s.s.i.DepartmentServiceImpl - In update(entity = [Department(id=4, name=Department4, disable=false)]
[INFO ] 2022-05-09 17:29:29.951 [Test worker] c.s.r.i.DepartmentRepositoryImpl - In isExistsByTitleIgnoringId(id = [4], name = [Department4])
[INFO ] 2022-05-09 17:29:30.012 [Test worker] c.s.r.i.BasicRepositoryImpl - In update(entity = [Department(id=4, name=Department4, disable=false)]
[INFO ] 2022-05-09 17:29:30.417 [Test worker] c.s.c.DepartmentController - In getById (id = [4])
[INFO ] 2022-05-09 17:29:30.417 [Test worker] c.s.s.i.DepartmentServiceImpl - In getById(id = [4])
[INFO ] 2022-05-09 17:29:30.417 [Test worker] c.s.r.i.BasicRepositoryImpl - In findById(id = [4])
[INFO ] 2022-05-09 17:29:30.816 [Test worker] c.s.c.DepartmentController - In save (departmentDTO = [com.softserve.dto.DepartmentDTO@1bc620cd])
[INFO ] 2022-05-09 17:29:30.816 [Test worker] c.s.s.i.DepartmentServiceImpl - In save(entity = [Department(id=null, name=Department4, disable=false)]
[INFO ] 2022-05-09 17:29:30.817 [Test worker] c.s.r.i.DepartmentRepositoryImpl - In isExistsByName(name = [Department4])
[ERROR] 2022-05-09 17:29:30.935 [Test worker] c.s.e.h.GlobalExceptionHandler - Department with parameter {name=Department4} already exists
[INFO ] 2022-05-09 17:29:31.454 [Test worker] c.s.c.DepartmentController - In deleteById (id =[4]
[INFO ] 2022-05-09 17:29:31.455 [Test worker] c.s.s.i.DepartmentServiceImpl - In getById(id = [4])
[INFO ] 2022-05-09 17:29:31.455 [Test worker] c.s.r.i.BasicRepositoryImpl - In findById(id = [4])
[INFO ] 2022-05-09 17:29:31.578 [Test worker] c.s.s.i.DepartmentServiceImpl - In delete(entity = [Department(id=4, name=Department4, disable=false)])
[INFO ] 2022-05-09 17:29:31.579 [Test worker] c.s.r.i.BasicRepositoryImpl - In delete(entity = [Department(id=4, name=Department4, disable=false)])
[ERROR] 2022-05-09 17:29:31.756 [Test worker] c.s.e.h.GlobalExceptionHandler - Unable to delete department
[INFO ] 2022-05-09 17:29:32.012 [Test worker] c.s.c.DepartmentController - In deleteById (id =[5]
[INFO ] 2022-05-09 17:29:32.012 [Test worker] c.s.s.i.DepartmentServiceImpl - In getById(id = [5])
[INFO ] 2022-05-09 17:29:32.012 [Test worker] c.s.r.i.BasicRepositoryImpl - In findById(id = [5])
[INFO ] 2022-05-09 17:29:32.126 [Test worker] c.s.s.i.DepartmentServiceImpl - In delete(entity = [Department(id=5, name=Department5, disable=true)])
[INFO ] 2022-05-09 17:29:32.127 [Test worker] c.s.r.i.BasicRepositoryImpl - In delete(entity = [Department(id=5, name=Department5, disable=true)])
[INFO ] 2022-05-09 17:39:34.438 [Test worker] c.s.c.DepartmentController - In getAllTeachers (id = [4])
[INFO ] 2022-05-09 17:39:34.444 [Test worker] c.s.s.i.DepartmentServiceImpl - Enter into getAllTeachers with department id 4
[INFO ] 2022-05-09 17:39:34.445 [Test worker] c.s.r.i.DepartmentRepositoryImpl - In getAllTeachers (departmentId = [4])
[INFO ] 2022-05-09 17:39:35.282 [Test worker] c.s.c.DepartmentController - In getDisabled ()
[INFO ] 2022-05-09 17:39:35.283 [Test worker] c.s.s.i.DepartmentServiceImpl - Enter into getAll of getDisabled
[INFO ] 2022-05-09 17:39:35.283 [Test worker] c.s.r.i.BasicRepositoryImpl - In getDisabled
[INFO ] 2022-05-09 17:39:35.829 [Test worker] c.s.c.DepartmentController - In save (departmentDTO = [com.softserve.dto.DepartmentDTO@57540])
[INFO ] 2022-05-09 17:39:35.831 [Test worker] c.s.s.i.DepartmentServiceImpl - In save(entity = [Department(id=null, name=null, disable=false)]
[INFO ] 2022-05-09 17:39:35.842 [Test worker] c.s.r.i.DepartmentRepositoryImpl - In isExistsByName(name = [null])
[INFO ] 2022-05-09 17:39:35.843 [Test worker] c.s.r.i.BasicRepositoryImpl - In save(entity = [Department(id=null, name=null, disable=false)]
[ERROR] 2022-05-09 17:39:35.908 [Test worker] c.s.e.h.GlobalExceptionHandler - Validation failed for classes [com.softserve.entity.Department] during persist time for groups [javax.validation.groups.Default, ]
List of constraint violations:[
	ConstraintViolationImpl{interpolatedMessage='Name cannot be blank', propertyPath=name, rootBeanClass=class com.softserve.entity.Department, messageTemplate='Name cannot be blank'}
]
[INFO ] 2022-05-09 17:39:36.419 [Test worker] c.s.c.DepartmentController - In save (departmentDTO = [com.softserve.dto.DepartmentDTO@56b57])
[INFO ] 2022-05-09 17:39:36.420 [Test worker] c.s.s.i.DepartmentServiceImpl - In save(entity = [Department(id=null, name=, disable=false)]
[INFO ] 2022-05-09 17:39:36.421 [Test worker] c.s.r.i.DepartmentRepositoryImpl - In isExistsByName(name = [])
[INFO ] 2022-05-09 17:39:36.494 [Test worker] c.s.r.i.BasicRepositoryImpl - In save(entity = [Department(id=null, name=, disable=false)]
[ERROR] 2022-05-09 17:39:36.556 [Test worker] c.s.e.h.GlobalExceptionHandler - Validation failed for classes [com.softserve.entity.Department] during persist time for groups [javax.validation.groups.Default, ]
List of constraint violations:[
	ConstraintViolationImpl{interpolatedMessage='Name cannot be blank', propertyPath=name, rootBeanClass=class com.softserve.entity.Department, messageTemplate='Name cannot be blank'}
]
[INFO ] 2022-05-09 17:39:36.847 [Test worker] c.s.c.DepartmentController - In save (departmentDTO = [com.softserve.dto.DepartmentDTO@65757])
[INFO ] 2022-05-09 17:39:36.847 [Test worker] c.s.s.i.DepartmentServiceImpl - In save(entity = [Department(id=null, name=  , disable=false)]
[INFO ] 2022-05-09 17:39:36.847 [Test worker] c.s.r.i.DepartmentRepositoryImpl - In isExistsByName(name = [  ])
[INFO ] 2022-05-09 17:39:36.904 [Test worker] c.s.r.i.BasicRepositoryImpl - In save(entity = [Department(id=null, name=  , disable=false)]
[ERROR] 2022-05-09 17:39:36.962 [Test worker] c.s.e.h.GlobalExceptionHandler - Validation failed for classes [com.softserve.entity.Department] during persist time for groups [javax.validation.groups.Default, ]
List of constraint violations:[
	ConstraintViolationImpl{interpolatedMessage='Name cannot be blank', propertyPath=name, rootBeanClass=class com.softserve.entity.Department, messageTemplate='Name cannot be blank'}
]
[INFO ] 2022-05-09 17:39:37.231 [Test worker] c.s.c.DepartmentController - In getAll ()
[INFO ] 2022-05-09 17:39:37.232 [Test worker] c.s.s.i.DepartmentServiceImpl - In getAll()
[INFO ] 2022-05-09 17:39:37.232 [Test worker] c.s.r.i.DepartmentRepositoryImpl - In getAll()
[INFO ] 2022-05-09 17:39:37.781 [Test worker] c.s.c.DepartmentController - In getById (id = [20])
[INFO ] 2022-05-09 17:39:37.782 [Test worker] c.s.s.i.DepartmentServiceImpl - In getById(id = [20])
[INFO ] 2022-05-09 17:39:37.782 [Test worker] c.s.r.i.BasicRepositoryImpl - In findById(id = [20])
[ERROR] 2022-05-09 17:39:37.901 [Test worker] c.s.e.h.GlobalExceptionHandler - Department was not found for parameters {id=20}
[INFO ] 2022-05-09 17:39:38.161 [Test worker] c.s.c.DepartmentController - In save (departmentDTO = [com.softserve.dto.DepartmentDTO@cba1c9a1])
[INFO ] 2022-05-09 17:39:38.162 [Test worker] c.s.s.i.DepartmentServiceImpl - In save(entity = [Department(id=null, name=save new departments, disable=false)]
[INFO ] 2022-05-09 17:39:38.162 [Test worker] c.s.r.i.DepartmentRepositoryImpl - In isExistsByName(name = [save new departments])
[INFO ] 2022-05-09 17:39:38.219 [Test worker] c.s.r.i.BasicRepositoryImpl - In save(entity = [Department(id=null, name=save new departments, disable=false)]
[INFO ] 2022-05-09 17:39:38.611 [Test worker] c.s.c.DepartmentController - In update (departmentDTO = [com.softserve.dto.DepartmentDTO@1bc40e7e])
[INFO ] 2022-05-09 17:39:38.613 [Test worker] c.s.s.i.DepartmentServiceImpl - In update(entity = [Department(id=4, name=Department4, disable=false)]
[INFO ] 2022-05-09 17:39:38.613 [Test worker] c.s.r.i.DepartmentRepositoryImpl - In isExistsByTitleIgnoringId(id = [4], name = [Department4])
[INFO ] 2022-05-09 17:39:38.674 [Test worker] c.s.r.i.BasicRepositoryImpl - In update(entity = [Department(id=4, name=Department4, disable=false)]
[INFO ] 2022-05-09 17:39:39.070 [Test worker] c.s.c.DepartmentController - In getById (id = [4])
[INFO ] 2022-05-09 17:39:39.071 [Test worker] c.s.s.i.DepartmentServiceImpl - In getById(id = [4])
[INFO ] 2022-05-09 17:39:39.071 [Test worker] c.s.r.i.BasicRepositoryImpl - In findById(id = [4])
[INFO ] 2022-05-09 17:39:39.457 [Test worker] c.s.c.DepartmentController - In save (departmentDTO = [com.softserve.dto.DepartmentDTO@1bc620cd])
[INFO ] 2022-05-09 17:39:39.458 [Test worker] c.s.s.i.DepartmentServiceImpl - In save(entity = [Department(id=null, name=Department4, disable=false)]
[INFO ] 2022-05-09 17:39:39.459 [Test worker] c.s.r.i.DepartmentRepositoryImpl - In isExistsByName(name = [Department4])
[ERROR] 2022-05-09 17:39:39.580 [Test worker] c.s.e.h.GlobalExceptionHandler - Department with parameter {name=Department4} already exists
[INFO ] 2022-05-09 17:39:40.098 [Test worker] c.s.c.DepartmentController - In deleteById (id =[4]
[INFO ] 2022-05-09 17:39:40.099 [Test worker] c.s.s.i.DepartmentServiceImpl - In getById(id = [4])
[INFO ] 2022-05-09 17:39:40.099 [Test worker] c.s.r.i.BasicRepositoryImpl - In findById(id = [4])
[INFO ] 2022-05-09 17:39:40.217 [Test worker] c.s.s.i.DepartmentServiceImpl - In delete(entity = [Department(id=4, name=Department4, disable=false)])
[INFO ] 2022-05-09 17:39:40.218 [Test worker] c.s.r.i.BasicRepositoryImpl - In delete(entity = [Department(id=4, name=Department4, disable=false)])
[ERROR] 2022-05-09 17:39:40.401 [Test worker] c.s.e.h.GlobalExceptionHandler - Unable to delete department
[INFO ] 2022-05-09 17:39:40.694 [Test worker] c.s.c.DepartmentController - In deleteById (id =[5]
[INFO ] 2022-05-09 17:39:40.696 [Test worker] c.s.s.i.DepartmentServiceImpl - In getById(id = [5])
[INFO ] 2022-05-09 17:39:40.697 [Test worker] c.s.r.i.BasicRepositoryImpl - In findById(id = [5])
[INFO ] 2022-05-09 17:39:40.813 [Test worker] c.s.s.i.DepartmentServiceImpl - In delete(entity = [Department(id=5, name=Department5, disable=true)])
[INFO ] 2022-05-09 17:39:40.814 [Test worker] c.s.r.i.BasicRepositoryImpl - In delete(entity = [Department(id=5, name=Department5, disable=true)])
[INFO ] 2022-05-09 17:39:41.261 [Test worker] c.s.c.DepartmentController - In update (departmentDTO = [com.softserve.dto.DepartmentDTO@1bc40eb9])
[INFO ] 2022-05-09 17:39:41.261 [Test worker] c.s.s.i.DepartmentServiceImpl - In update(entity = [Department(id=4, name=Department5, disable=false)]
[INFO ] 2022-05-09 17:39:41.262 [Test worker] c.s.r.i.DepartmentRepositoryImpl - In isExistsByTitleIgnoringId(id = [4], name = [Department5])
[ERROR] 2022-05-09 17:39:41.383 [Test worker] c.s.e.h.GlobalExceptionHandler - Department with parameter {name=Department5} already exists
[INFO ] 2022-05-09 18:12:51.012 [Test worker] c.s.c.DepartmentController - In getAllTeachers (id = [4])
[INFO ] 2022-05-09 18:12:51.118 [Test worker] c.s.s.i.DepartmentServiceImpl - Enter into getAllTeachers with department id 4
[INFO ] 2022-05-09 18:12:51.118 [Test worker] c.s.r.i.DepartmentRepositoryImpl - In getAllTeachers (departmentId = [4])
[INFO ] 2022-05-09 18:12:53.383 [Test worker] c.s.c.DepartmentController - In getDisabled ()
[INFO ] 2022-05-09 18:12:53.386 [Test worker] c.s.s.i.DepartmentServiceImpl - Enter into getAll of getDisabled
[INFO ] 2022-05-09 18:12:53.386 [Test worker] c.s.r.i.BasicRepositoryImpl - In getDisabled
[INFO ] 2022-05-09 18:12:54.798 [Test worker] c.s.c.DepartmentController - In save (departmentDTO = [com.softserve.dto.DepartmentDTO@57540])
[INFO ] 2022-05-09 18:12:54.798 [Test worker] c.s.s.i.DepartmentServiceImpl - In save(entity = [Department(id=null, name=null, disable=false)]
[INFO ] 2022-05-09 18:12:54.810 [Test worker] c.s.r.i.DepartmentRepositoryImpl - In isExistsByName(name = [null])
[INFO ] 2022-05-09 18:12:54.810 [Test worker] c.s.r.i.BasicRepositoryImpl - In save(entity = [Department(id=null, name=null, disable=false)]
[ERROR] 2022-05-09 18:12:54.880 [Test worker] c.s.e.h.GlobalExceptionHandler - Validation failed for classes [com.softserve.entity.Department] during persist time for groups [javax.validation.groups.Default, ]
List of constraint violations:[
	ConstraintViolationImpl{interpolatedMessage='Name cannot be blank', propertyPath=name, rootBeanClass=class com.softserve.entity.Department, messageTemplate='Name cannot be blank'}
]
[INFO ] 2022-05-09 18:12:56.108 [Test worker] c.s.c.DepartmentController - In save (departmentDTO = [com.softserve.dto.DepartmentDTO@56b57])
[INFO ] 2022-05-09 18:12:56.109 [Test worker] c.s.s.i.DepartmentServiceImpl - In save(entity = [Department(id=null, name=, disable=false)]
[INFO ] 2022-05-09 18:12:56.109 [Test worker] c.s.r.i.DepartmentRepositoryImpl - In isExistsByName(name = [])
[INFO ] 2022-05-09 18:12:56.206 [Test worker] c.s.r.i.BasicRepositoryImpl - In save(entity = [Department(id=null, name=, disable=false)]
[ERROR] 2022-05-09 18:12:56.272 [Test worker] c.s.e.h.GlobalExceptionHandler - Validation failed for classes [com.softserve.entity.Department] during persist time for groups [javax.validation.groups.Default, ]
List of constraint violations:[
	ConstraintViolationImpl{interpolatedMessage='Name cannot be blank', propertyPath=name, rootBeanClass=class com.softserve.entity.Department, messageTemplate='Name cannot be blank'}
]
[INFO ] 2022-05-09 18:12:57.216 [Test worker] c.s.c.DepartmentController - In save (departmentDTO = [com.softserve.dto.DepartmentDTO@65757])
[INFO ] 2022-05-09 18:12:57.217 [Test worker] c.s.s.i.DepartmentServiceImpl - In save(entity = [Department(id=null, name=  , disable=false)]
[INFO ] 2022-05-09 18:12:57.217 [Test worker] c.s.r.i.DepartmentRepositoryImpl - In isExistsByName(name = [  ])
[INFO ] 2022-05-09 18:12:57.275 [Test worker] c.s.r.i.BasicRepositoryImpl - In save(entity = [Department(id=null, name=  , disable=false)]
[ERROR] 2022-05-09 18:12:57.332 [Test worker] c.s.e.h.GlobalExceptionHandler - Validation failed for classes [com.softserve.entity.Department] during persist time for groups [javax.validation.groups.Default, ]
List of constraint violations:[
	ConstraintViolationImpl{interpolatedMessage='Name cannot be blank', propertyPath=name, rootBeanClass=class com.softserve.entity.Department, messageTemplate='Name cannot be blank'}
]
[INFO ] 2022-05-09 18:12:59.423 [Test worker] c.s.c.DepartmentController - In getAll ()
[INFO ] 2022-05-09 18:12:59.424 [Test worker] c.s.s.i.DepartmentServiceImpl - In getAll()
[INFO ] 2022-05-09 18:12:59.424 [Test worker] c.s.r.i.DepartmentRepositoryImpl - In getAll()
[INFO ] 2022-05-09 18:13:00.456 [Test worker] c.s.c.DepartmentController - In getById (id = [20])
[INFO ] 2022-05-09 18:13:00.457 [Test worker] c.s.s.i.DepartmentServiceImpl - In getById(id = [20])
[INFO ] 2022-05-09 18:13:00.458 [Test worker] c.s.r.i.BasicRepositoryImpl - In findById(id = [20])
[ERROR] 2022-05-09 18:13:00.587 [Test worker] c.s.e.h.GlobalExceptionHandler - Department was not found for parameters {id=20}
[INFO ] 2022-05-09 18:13:01.308 [Test worker] c.s.c.DepartmentController - In save (departmentDTO = [com.softserve.dto.DepartmentDTO@cba1c9a1])
[INFO ] 2022-05-09 18:13:01.309 [Test worker] c.s.s.i.DepartmentServiceImpl - In save(entity = [Department(id=null, name=save new departments, disable=false)]
[INFO ] 2022-05-09 18:13:01.310 [Test worker] c.s.r.i.DepartmentRepositoryImpl - In isExistsByName(name = [save new departments])
[INFO ] 2022-05-09 18:13:01.368 [Test worker] c.s.r.i.BasicRepositoryImpl - In save(entity = [Department(id=null, name=save new departments, disable=false)]
[INFO ] 2022-05-09 18:13:02.076 [Test worker] c.s.c.DepartmentController - In update (departmentDTO = [com.softserve.dto.DepartmentDTO@1bc40e7e])
[INFO ] 2022-05-09 18:13:02.077 [Test worker] c.s.s.i.DepartmentServiceImpl - In update(entity = [Department(id=4, name=Department4, disable=false)]
[INFO ] 2022-05-09 18:13:02.078 [Test worker] c.s.r.i.DepartmentRepositoryImpl - In isExistsByTitleIgnoringId(id = [4], name = [Department4])
[INFO ] 2022-05-09 18:13:02.137 [Test worker] c.s.r.i.BasicRepositoryImpl - In update(entity = [Department(id=4, name=Department4, disable=false)]
[INFO ] 2022-05-09 18:13:03.382 [Test worker] c.s.c.DepartmentController - In getById (id = [4])
[INFO ] 2022-05-09 18:13:03.383 [Test worker] c.s.s.i.DepartmentServiceImpl - In getById(id = [4])
[INFO ] 2022-05-09 18:13:03.383 [Test worker] c.s.r.i.BasicRepositoryImpl - In findById(id = [4])
[INFO ] 2022-05-09 18:13:04.212 [Test worker] c.s.c.DepartmentController - In save (departmentDTO = [com.softserve.dto.DepartmentDTO@1bc620cd])
[INFO ] 2022-05-09 18:13:04.213 [Test worker] c.s.s.i.DepartmentServiceImpl - In save(entity = [Department(id=null, name=Department4, disable=false)]
[INFO ] 2022-05-09 18:13:04.213 [Test worker] c.s.r.i.DepartmentRepositoryImpl - In isExistsByName(name = [Department4])
[ERROR] 2022-05-09 18:13:04.336 [Test worker] c.s.e.h.GlobalExceptionHandler - Department with parameter {name=Department4} already exists
[INFO ] 2022-05-09 18:13:07.633 [Test worker] c.s.c.DepartmentController - In deleteById (id =[4]
[INFO ] 2022-05-09 18:13:07.634 [Test worker] c.s.s.i.DepartmentServiceImpl - In getById(id = [4])
[INFO ] 2022-05-09 18:13:07.634 [Test worker] c.s.r.i.BasicRepositoryImpl - In findById(id = [4])
[INFO ] 2022-05-09 18:13:07.747 [Test worker] c.s.s.i.DepartmentServiceImpl - In delete(entity = [Department(id=4, name=Department4, disable=false)])
[INFO ] 2022-05-09 18:13:07.747 [Test worker] c.s.r.i.BasicRepositoryImpl - In delete(entity = [Department(id=4, name=Department4, disable=false)])
[ERROR] 2022-05-09 18:13:07.920 [Test worker] c.s.e.h.GlobalExceptionHandler - Unable to delete department
[INFO ] 2022-05-09 18:13:08.183 [Test worker] c.s.c.DepartmentController - In deleteById (id =[5]
[INFO ] 2022-05-09 18:13:08.183 [Test worker] c.s.s.i.DepartmentServiceImpl - In getById(id = [5])
[INFO ] 2022-05-09 18:13:08.184 [Test worker] c.s.r.i.BasicRepositoryImpl - In findById(id = [5])
[INFO ] 2022-05-09 18:13:08.304 [Test worker] c.s.s.i.DepartmentServiceImpl - In delete(entity = [Department(id=5, name=Department5, disable=true)])
[INFO ] 2022-05-09 18:13:08.305 [Test worker] c.s.r.i.BasicRepositoryImpl - In delete(entity = [Department(id=5, name=Department5, disable=true)])
[INFO ] 2022-05-09 18:13:08.762 [Test worker] c.s.c.DepartmentController - In update (departmentDTO = [com.softserve.dto.DepartmentDTO@1bc40eb9])
[INFO ] 2022-05-09 18:13:08.763 [Test worker] c.s.s.i.DepartmentServiceImpl - In update(entity = [Department(id=4, name=Department5, disable=false)]
[INFO ] 2022-05-09 18:13:08.763 [Test worker] c.s.r.i.DepartmentRepositoryImpl - In isExistsByTitleIgnoringId(id = [4], name = [Department5])
[ERROR] 2022-05-09 18:13:08.883 [Test worker] c.s.e.h.GlobalExceptionHandler - Department with parameter {name=Department5} already exists
[INFO ] 2022-05-09 18:16:51.656 [Test worker] c.s.c.DepartmentController - In getAllTeachers (id = [4])
[INFO ] 2022-05-09 18:16:51.664 [Test worker] c.s.s.i.DepartmentServiceImpl - Enter into getAllTeachers with department id 4
[INFO ] 2022-05-09 18:16:51.664 [Test worker] c.s.r.i.DepartmentRepositoryImpl - In getAllTeachers (departmentId = [4])
[INFO ] 2022-05-09 18:16:52.533 [Test worker] c.s.c.DepartmentController - In getDisabled ()
[INFO ] 2022-05-09 18:16:52.535 [Test worker] c.s.s.i.DepartmentServiceImpl - Enter into getAll of getDisabled
[INFO ] 2022-05-09 18:16:52.536 [Test worker] c.s.r.i.BasicRepositoryImpl - In getDisabled
[INFO ] 2022-05-09 18:16:53.075 [Test worker] c.s.c.DepartmentController - In save (departmentDTO = [com.softserve.dto.DepartmentDTO@57540])
[INFO ] 2022-05-09 18:16:53.077 [Test worker] c.s.s.i.DepartmentServiceImpl - In save(entity = [Department(id=null, name=null, disable=false)]
[INFO ] 2022-05-09 18:16:53.091 [Test worker] c.s.r.i.DepartmentRepositoryImpl - In isExistsByName(name = [null])
[INFO ] 2022-05-09 18:16:53.092 [Test worker] c.s.r.i.BasicRepositoryImpl - In save(entity = [Department(id=null, name=null, disable=false)]
[ERROR] 2022-05-09 18:16:53.177 [Test worker] c.s.e.h.GlobalExceptionHandler - Validation failed for classes [com.softserve.entity.Department] during persist time for groups [javax.validation.groups.Default, ]
List of constraint violations:[
	ConstraintViolationImpl{interpolatedMessage='Name cannot be blank', propertyPath=name, rootBeanClass=class com.softserve.entity.Department, messageTemplate='Name cannot be blank'}
]
[INFO ] 2022-05-09 18:16:53.760 [Test worker] c.s.c.DepartmentController - In save (departmentDTO = [com.softserve.dto.DepartmentDTO@56b57])
[INFO ] 2022-05-09 18:16:53.761 [Test worker] c.s.s.i.DepartmentServiceImpl - In save(entity = [Department(id=null, name=, disable=false)]
[INFO ] 2022-05-09 18:16:53.761 [Test worker] c.s.r.i.DepartmentRepositoryImpl - In isExistsByName(name = [])
[INFO ] 2022-05-09 18:16:53.840 [Test worker] c.s.r.i.BasicRepositoryImpl - In save(entity = [Department(id=null, name=, disable=false)]
[ERROR] 2022-05-09 18:16:53.898 [Test worker] c.s.e.h.GlobalExceptionHandler - Validation failed for classes [com.softserve.entity.Department] during persist time for groups [javax.validation.groups.Default, ]
List of constraint violations:[
	ConstraintViolationImpl{interpolatedMessage='Name cannot be blank', propertyPath=name, rootBeanClass=class com.softserve.entity.Department, messageTemplate='Name cannot be blank'}
]
[INFO ] 2022-05-09 18:16:54.201 [Test worker] c.s.c.DepartmentController - In save (departmentDTO = [com.softserve.dto.DepartmentDTO@65757])
[INFO ] 2022-05-09 18:16:54.202 [Test worker] c.s.s.i.DepartmentServiceImpl - In save(entity = [Department(id=null, name=  , disable=false)]
[INFO ] 2022-05-09 18:16:54.203 [Test worker] c.s.r.i.DepartmentRepositoryImpl - In isExistsByName(name = [  ])
[INFO ] 2022-05-09 18:16:54.261 [Test worker] c.s.r.i.BasicRepositoryImpl - In save(entity = [Department(id=null, name=  , disable=false)]
[ERROR] 2022-05-09 18:16:54.319 [Test worker] c.s.e.h.GlobalExceptionHandler - Validation failed for classes [com.softserve.entity.Department] during persist time for groups [javax.validation.groups.Default, ]
List of constraint violations:[
	ConstraintViolationImpl{interpolatedMessage='Name cannot be blank', propertyPath=name, rootBeanClass=class com.softserve.entity.Department, messageTemplate='Name cannot be blank'}
]
[INFO ] 2022-05-09 18:16:54.605 [Test worker] c.s.c.DepartmentController - In getAll ()
[INFO ] 2022-05-09 18:16:54.606 [Test worker] c.s.s.i.DepartmentServiceImpl - In getAll()
[INFO ] 2022-05-09 18:16:54.607 [Test worker] c.s.r.i.DepartmentRepositoryImpl - In getAll()
[INFO ] 2022-05-09 18:16:55.016 [Test worker] c.s.c.DepartmentController - In getById (id = [20])
[INFO ] 2022-05-09 18:16:55.017 [Test worker] c.s.s.i.DepartmentServiceImpl - In getById(id = [20])
[INFO ] 2022-05-09 18:16:55.018 [Test worker] c.s.r.i.BasicRepositoryImpl - In findById(id = [20])
[ERROR] 2022-05-09 18:16:55.148 [Test worker] c.s.e.h.GlobalExceptionHandler - Department was not found for parameters {id=20}
[INFO ] 2022-05-09 18:16:55.424 [Test worker] c.s.c.DepartmentController - In save (departmentDTO = [com.softserve.dto.DepartmentDTO@cba1c9a1])
[INFO ] 2022-05-09 18:16:55.424 [Test worker] c.s.s.i.DepartmentServiceImpl - In save(entity = [Department(id=null, name=save new departments, disable=false)]
[INFO ] 2022-05-09 18:16:55.424 [Test worker] c.s.r.i.DepartmentRepositoryImpl - In isExistsByName(name = [save new departments])
[INFO ] 2022-05-09 18:16:55.481 [Test worker] c.s.r.i.BasicRepositoryImpl - In save(entity = [Department(id=null, name=save new departments, disable=false)]
[INFO ] 2022-05-09 18:16:55.872 [Test worker] c.s.c.DepartmentController - In update (departmentDTO = [com.softserve.dto.DepartmentDTO@1bc40e7e])
[INFO ] 2022-05-09 18:16:55.873 [Test worker] c.s.s.i.DepartmentServiceImpl - In update(entity = [Department(id=4, name=Department4, disable=false)]
[INFO ] 2022-05-09 18:16:55.874 [Test worker] c.s.r.i.DepartmentRepositoryImpl - In isExistsByTitleIgnoringId(id = [4], name = [Department4])
[INFO ] 2022-05-09 18:16:55.934 [Test worker] c.s.r.i.BasicRepositoryImpl - In update(entity = [Department(id=4, name=Department4, disable=false)]
[INFO ] 2022-05-09 18:16:56.315 [Test worker] c.s.c.DepartmentController - In getById (id = [4])
[INFO ] 2022-05-09 18:16:56.315 [Test worker] c.s.s.i.DepartmentServiceImpl - In getById(id = [4])
[INFO ] 2022-05-09 18:16:56.315 [Test worker] c.s.r.i.BasicRepositoryImpl - In findById(id = [4])
[INFO ] 2022-05-09 18:16:56.693 [Test worker] c.s.c.DepartmentController - In save (departmentDTO = [com.softserve.dto.DepartmentDTO@1bc620cd])
[INFO ] 2022-05-09 18:16:56.693 [Test worker] c.s.s.i.DepartmentServiceImpl - In save(entity = [Department(id=null, name=Department4, disable=false)]
[INFO ] 2022-05-09 18:16:56.694 [Test worker] c.s.r.i.DepartmentRepositoryImpl - In isExistsByName(name = [Department4])
[ERROR] 2022-05-09 18:16:56.815 [Test worker] c.s.e.h.GlobalExceptionHandler - Department with parameter {name=Department4} already exists
[INFO ] 2022-05-09 18:16:57.359 [Test worker] c.s.c.DepartmentController - In deleteById (id =[4]
[INFO ] 2022-05-09 18:16:57.359 [Test worker] c.s.s.i.DepartmentServiceImpl - In getById(id = [4])
[INFO ] 2022-05-09 18:16:57.360 [Test worker] c.s.r.i.BasicRepositoryImpl - In findById(id = [4])
[INFO ] 2022-05-09 18:16:57.489 [Test worker] c.s.s.i.DepartmentServiceImpl - In delete(entity = [Department(id=4, name=Department4, disable=false)])
[INFO ] 2022-05-09 18:16:57.489 [Test worker] c.s.r.i.BasicRepositoryImpl - In delete(entity = [Department(id=4, name=Department4, disable=false)])
[ERROR] 2022-05-09 18:16:57.660 [Test worker] c.s.e.h.GlobalExceptionHandler - Unable to delete department
[INFO ] 2022-05-09 18:16:57.918 [Test worker] c.s.c.DepartmentController - In deleteById (id =[5]
[INFO ] 2022-05-09 18:16:57.919 [Test worker] c.s.s.i.DepartmentServiceImpl - In getById(id = [5])
[INFO ] 2022-05-09 18:16:57.919 [Test worker] c.s.r.i.BasicRepositoryImpl - In findById(id = [5])
[INFO ] 2022-05-09 18:16:58.049 [Test worker] c.s.s.i.DepartmentServiceImpl - In delete(entity = [Department(id=5, name=Department5, disable=true)])
[INFO ] 2022-05-09 18:16:58.050 [Test worker] c.s.r.i.BasicRepositoryImpl - In delete(entity = [Department(id=5, name=Department5, disable=true)])
[INFO ] 2022-05-09 18:16:58.507 [Test worker] c.s.c.DepartmentController - In update (departmentDTO = [com.softserve.dto.DepartmentDTO@1bc40eb9])
[INFO ] 2022-05-09 18:16:58.508 [Test worker] c.s.s.i.DepartmentServiceImpl - In update(entity = [Department(id=4, name=Department5, disable=false)]
[INFO ] 2022-05-09 18:16:58.508 [Test worker] c.s.r.i.DepartmentRepositoryImpl - In isExistsByTitleIgnoringId(id = [4], name = [Department5])
[ERROR] 2022-05-09 18:16:58.620 [Test worker] c.s.e.h.GlobalExceptionHandler - Department with parameter {name=Department5} already exists
[INFO ] 2022-05-09 18:33:06.135 [Test worker] c.s.c.DepartmentController - In getAllTeachers (id = [4])
[INFO ] 2022-05-09 18:33:06.143 [Test worker] c.s.s.i.DepartmentServiceImpl - Enter into getAllTeachers with department id 4
[INFO ] 2022-05-09 18:33:06.143 [Test worker] c.s.r.i.DepartmentRepositoryImpl - In getAllTeachers (departmentId = [4])
[INFO ] 2022-05-09 18:33:07.426 [Test worker] c.s.c.DepartmentController - In getDisabled ()
[INFO ] 2022-05-09 18:33:07.430 [Test worker] c.s.s.i.DepartmentServiceImpl - Enter into getAll of getDisabled
[INFO ] 2022-05-09 18:33:07.431 [Test worker] c.s.r.i.BasicRepositoryImpl - In getDisabled
[INFO ] 2022-05-09 18:33:08.228 [Test worker] c.s.c.DepartmentController - In save (departmentDTO = [com.softserve.dto.DepartmentDTO@57540])
[INFO ] 2022-05-09 18:33:08.229 [Test worker] c.s.s.i.DepartmentServiceImpl - In save(entity = [Department(id=null, name=null, disable=false)]
[INFO ] 2022-05-09 18:33:08.235 [Test worker] c.s.r.i.DepartmentRepositoryImpl - In isExistsByName(name = [null])
[INFO ] 2022-05-09 18:33:08.235 [Test worker] c.s.r.i.BasicRepositoryImpl - In save(entity = [Department(id=null, name=null, disable=false)]
[ERROR] 2022-05-09 18:33:08.277 [Test worker] c.s.e.h.GlobalExceptionHandler - Validation failed for classes [com.softserve.entity.Department] during persist time for groups [javax.validation.groups.Default, ]
List of constraint violations:[
	ConstraintViolationImpl{interpolatedMessage='Name cannot be blank', propertyPath=name, rootBeanClass=class com.softserve.entity.Department, messageTemplate='Name cannot be blank'}
]
[INFO ] 2022-05-09 18:33:08.818 [Test worker] c.s.c.DepartmentController - In save (departmentDTO = [com.softserve.dto.DepartmentDTO@56b57])
[INFO ] 2022-05-09 18:33:08.819 [Test worker] c.s.s.i.DepartmentServiceImpl - In save(entity = [Department(id=null, name=, disable=false)]
[INFO ] 2022-05-09 18:33:08.819 [Test worker] c.s.r.i.DepartmentRepositoryImpl - In isExistsByName(name = [])
[INFO ] 2022-05-09 18:33:08.958 [Test worker] c.s.r.i.BasicRepositoryImpl - In save(entity = [Department(id=null, name=, disable=false)]
[ERROR] 2022-05-09 18:33:09.020 [Test worker] c.s.e.h.GlobalExceptionHandler - Validation failed for classes [com.softserve.entity.Department] during persist time for groups [javax.validation.groups.Default, ]
List of constraint violations:[
	ConstraintViolationImpl{interpolatedMessage='Name cannot be blank', propertyPath=name, rootBeanClass=class com.softserve.entity.Department, messageTemplate='Name cannot be blank'}
]
[INFO ] 2022-05-09 18:33:09.720 [Test worker] c.s.c.DepartmentController - In save (departmentDTO = [com.softserve.dto.DepartmentDTO@65757])
[INFO ] 2022-05-09 18:33:09.721 [Test worker] c.s.s.i.DepartmentServiceImpl - In save(entity = [Department(id=null, name=  , disable=false)]
[INFO ] 2022-05-09 18:33:09.721 [Test worker] c.s.r.i.DepartmentRepositoryImpl - In isExistsByName(name = [  ])
[INFO ] 2022-05-09 18:33:09.784 [Test worker] c.s.r.i.BasicRepositoryImpl - In save(entity = [Department(id=null, name=  , disable=false)]
[ERROR] 2022-05-09 18:33:09.847 [Test worker] c.s.e.h.GlobalExceptionHandler - Validation failed for classes [com.softserve.entity.Department] during persist time for groups [javax.validation.groups.Default, ]
List of constraint violations:[
	ConstraintViolationImpl{interpolatedMessage='Name cannot be blank', propertyPath=name, rootBeanClass=class com.softserve.entity.Department, messageTemplate='Name cannot be blank'}
]
[INFO ] 2022-05-09 18:33:10.132 [Test worker] c.s.c.DepartmentController - In getAll ()
[INFO ] 2022-05-09 18:33:10.133 [Test worker] c.s.s.i.DepartmentServiceImpl - In getAll()
[INFO ] 2022-05-09 18:33:10.134 [Test worker] c.s.r.i.DepartmentRepositoryImpl - In getAll()
[INFO ] 2022-05-09 18:33:10.561 [Test worker] c.s.c.DepartmentController - In getById (id = [20])
[INFO ] 2022-05-09 18:33:10.562 [Test worker] c.s.s.i.DepartmentServiceImpl - In getById(id = [20])
[INFO ] 2022-05-09 18:33:10.563 [Test worker] c.s.r.i.BasicRepositoryImpl - In findById(id = [20])
[ERROR] 2022-05-09 18:33:10.692 [Test worker] c.s.e.h.GlobalExceptionHandler - Department was not found for parameters {id=20}
[INFO ] 2022-05-09 18:33:11.021 [Test worker] c.s.c.DepartmentController - In save (departmentDTO = [com.softserve.dto.DepartmentDTO@cba1c9a1])
[INFO ] 2022-05-09 18:33:11.021 [Test worker] c.s.s.i.DepartmentServiceImpl - In save(entity = [Department(id=null, name=save new departments, disable=false)]
[INFO ] 2022-05-09 18:33:11.022 [Test worker] c.s.r.i.DepartmentRepositoryImpl - In isExistsByName(name = [save new departments])
[INFO ] 2022-05-09 18:33:11.092 [Test worker] c.s.r.i.BasicRepositoryImpl - In save(entity = [Department(id=null, name=save new departments, disable=false)]
[INFO ] 2022-05-09 18:33:11.511 [Test worker] c.s.c.DepartmentController - In update (departmentDTO = [com.softserve.dto.DepartmentDTO@1bc40e7e])
[INFO ] 2022-05-09 18:33:11.512 [Test worker] c.s.s.i.DepartmentServiceImpl - In update(entity = [Department(id=4, name=Department4, disable=false)]
[INFO ] 2022-05-09 18:33:11.513 [Test worker] c.s.r.i.DepartmentRepositoryImpl - In isExistsByTitleIgnoringId(id = [4], name = [Department4])
[INFO ] 2022-05-09 18:33:11.585 [Test worker] c.s.r.i.BasicRepositoryImpl - In update(entity = [Department(id=4, name=Department4, disable=false)]
[INFO ] 2022-05-09 18:33:12.014 [Test worker] c.s.c.DepartmentController - In getById (id = [4])
[INFO ] 2022-05-09 18:33:12.015 [Test worker] c.s.s.i.DepartmentServiceImpl - In getById(id = [4])
[INFO ] 2022-05-09 18:33:12.015 [Test worker] c.s.r.i.BasicRepositoryImpl - In findById(id = [4])
[INFO ] 2022-05-09 18:33:12.493 [Test worker] c.s.c.DepartmentController - In save (departmentDTO = [com.softserve.dto.DepartmentDTO@1bc620cd])
[INFO ] 2022-05-09 18:33:12.494 [Test worker] c.s.s.i.DepartmentServiceImpl - In save(entity = [Department(id=null, name=Department4, disable=false)]
[INFO ] 2022-05-09 18:33:12.495 [Test worker] c.s.r.i.DepartmentRepositoryImpl - In isExistsByName(name = [Department4])
[ERROR] 2022-05-09 18:33:12.768 [Test worker] c.s.e.h.GlobalExceptionHandler - Department with parameter {name=Department4} already exists
[INFO ] 2022-05-09 18:33:13.446 [Test worker] c.s.c.DepartmentController - In deleteById (id =[4]
[INFO ] 2022-05-09 18:33:13.450 [Test worker] c.s.s.i.DepartmentServiceImpl - In getById(id = [4])
[INFO ] 2022-05-09 18:33:13.451 [Test worker] c.s.r.i.BasicRepositoryImpl - In findById(id = [4])
[INFO ] 2022-05-09 18:33:13.579 [Test worker] c.s.s.i.DepartmentServiceImpl - In delete(entity = [Department(id=4, name=Department4, disable=false)])
[INFO ] 2022-05-09 18:33:13.580 [Test worker] c.s.r.i.BasicRepositoryImpl - In delete(entity = [Department(id=4, name=Department4, disable=false)])
